{
  "RSpec": {
    "coverage": {
      "/home/nlanese21/tic-tac-toe-rb-online-web-sp-000/lib/tic_tac_toe.rb": [
        null,
        1,
        null,
        null,
        null,
        null,
        null,
        null,
        null,
        null,
        null,
        null,
        1,
        17,
        null,
        1,
        5,
        5,
        5,
        5,
        5,
        null,
        1,
        13,
        null,
        1,
        13,
        1,
        null,
        12,
        2,
        null,
        10,
        null,
        null,
        null,
        1,
        3,
        null,
        1,
        10,
        10,
        10,
        10,
        9,
        null,
        1,
        1,
        null,
        null,
        1,
        26,
        26,
        26,
        26,
        26,
        26,
        139,
        139,
        417,
        null,
        139,
        223,
        null,
        139,
        195,
        null,
        139,
        15,
        null,
        124,
        124,
        null,
        null,
        null,
        null,
        1,
        21,
        116,
        null,
        21,
        null,
        1,
        20,
        9,
        2,
        null,
        7,
        null,
        null,
        11,
        null,
        null,
        null,
        null,
        null,
        null,
        null,
        null,
        null,
        null,
        1,
        10,
        0,
        null,
        0,
        null,
        null,
        1,
        11,
        7,
        null,
        4,
        null,
        null,
        null,
        1,
        6,
        6,
        1,
        null,
        5,
        5,
        null,
        null,
        1,
        24,
        7,
        null,
        5,
        2,
        3,
        3,
        null,
        null
      ]
    },
    "timestamp": 1582842210
  }
}
