{
  "RSpec": {
    "coverage": {
      "/home/nlanese21/tic-tac-toe-rb-online-web-sp-000/lib/tic_tac_toe.rb": [
        1,
        4,
        null,
        null,
        1,
        5,
        5,
        5,
        5,
        5,
        null,
        null,
        1,
        0,
        0,
        null,
        0,
        0,
        null,
        0,
        null,
        null,
        null,
        null,
        1,
        3,
        null,
        null,
        1,
        7,
        7,
        7,
        0,
        0,
        0,
        null,
        0,
        null,
        0,
        null,
        0,
        0,
        null,
        null,
        null,
        null,
        1,
        null,
        null,
        null,
        null,
        null,
        null,
        null,
        null,
        null,
        null,
        null,
        1,
        18,
        18,
        18,
        18,
        18,
        18,
        113,
        113,
        339,
        null,
        113,
        177,
        null,
        113,
        157,
        null,
        113,
        9,
        null,
        104,
        104,
        null,
        null,
        null,
        null,
        null,
        null,
        1,
        16,
        89,
        null,
        16,
        null,
        null,
        1,
        15,
        7,
        2,
        null,
        5,
        null,
        null,
        8,
        null,
        null,
        null,
        1,
        11,
        7,
        null,
        4,
        null,
        null,
        null,
        null,
        1,
        3,
        3,
        1,
        null,
        2,
        2,
        null,
        null,
        1,
        24,
        7,
        7,
        0,
        null,
        5,
        0,
        0,
        0,
        null,
        null
      ]
    },
    "timestamp": 1582839529
  }
}
